[INFO] Scanning for projects...
[INFO] 
[INFO] ------------------< com.example:employee-management >-------------------
[INFO] Building employee-management 0.0.1-SNAPSHOT
[INFO]   from pom.xml
[INFO] --------------------------------[ jar ]---------------------------------
[INFO] 
[INFO] >>> spring-boot:4.0.4:run (default-cli) > test-compile @ employee-management >>>
[INFO] 
[INFO] --- resources:3.3.1:resources (default-resources) @ employee-management ---
[INFO] Copying 1 resource from src/main/resources to target/classes
[INFO] Copying 0 resource from src/main/resources to target/classes
[INFO] 
[INFO] --- compiler:3.14.1:compile (default-compile) @ employee-management ---
[INFO] Nothing to compile - all classes are up to date.
[INFO] 
[INFO] --- resources:3.3.1:testResources (default-testResources) @ employee-management ---
[INFO] skip non existing resourceDirectory /Users/bipaashahamal/Documents/employee-management/src/test/resources
[INFO] 
[INFO] --- compiler:3.14.1:testCompile (default-testCompile) @ employee-management ---
[INFO] Nothing to compile - all classes are up to date.
[INFO] 
[INFO] <<< spring-boot:4.0.4:run (default-cli) < test-compile @ employee-management <<<
[INFO] 
[INFO] 
[INFO] --- spring-boot:4.0.4:run (default-cli) @ employee-management ---
[INFO] Attaching agents: []

  .   ____          _            __ _ _
 /\\ / ___'_ __ _ _(_)_ __  __ _ \ \ \ \
( ( )\___ | '_ | '_| | '_ \/ _` | \ \ \ \
 \\/  ___)| |_)| | | | | || (_| |  ) ) ) )
  '  |____| .__|_| |_|_| |_\__, | / / / /
 =========|_|==============|___/=/_/_/_/

 :: Spring Boot ::                (v4.0.4)

2026-03-23T17:24:11.540+05:45  INFO 81144 --- [employee-management] [           main] c.e.e.EmployeeManagementApplication      : Starting EmployeeManagementApplication using Java 25.0.1 with PID 81144 (/Users/bipaashahamal/Documents/employee-management/target/classes started by bipaashahamal in /Users/bipaashahamal/Documents/employee-management)
2026-03-23T17:24:11.541+05:45  INFO 81144 --- [employee-management] [           main] c.e.e.EmployeeManagementApplication      : No active profile set, falling back to 1 default profile: "default"
2026-03-23T17:24:11.747+05:45  INFO 81144 --- [employee-management] [           main] .s.d.r.c.RepositoryConfigurationDelegate : Bootstrapping Spring Data JPA repositories in DEFAULT mode.
2026-03-23T17:24:11.761+05:45  INFO 81144 --- [employee-management] [           main] .s.d.r.c.RepositoryConfigurationDelegate : Finished Spring Data repository scanning in 12 ms. Found 2 JPA repository interfaces.
2026-03-23T17:24:11.936+05:45  INFO 81144 --- [employee-management] [           main] o.s.boot.tomcat.TomcatWebServer          : Tomcat initialized with port 8080 (http)
2026-03-23T17:24:11.940+05:45  INFO 81144 --- [employee-management] [           main] o.apache.catalina.core.StandardService   : Starting service [Tomcat]
2026-03-23T17:24:11.940+05:45  INFO 81144 --- [employee-management] [           main] o.apache.catalina.core.StandardEngine    : Starting Servlet engine: [Apache Tomcat/11.0.18]
2026-03-23T17:24:11.953+05:45  INFO 81144 --- [employee-management] [           main] b.w.c.s.WebApplicationContextInitializer : Root WebApplicationContext: initialization completed in 392 ms
2026-03-23T17:24:12.000+05:45  INFO 81144 --- [employee-management] [           main] org.hibernate.orm.jpa                    : HHH008540: Processing PersistenceUnitInfo [name: default]
2026-03-23T17:24:12.016+05:45  INFO 81144 --- [employee-management] [           main] org.hibernate.orm.core                   : HHH000001: Hibernate ORM core version 7.2.7.Final
2026-03-23T17:24:12.141+05:45  INFO 81144 --- [employee-management] [           main] o.s.o.j.p.SpringPersistenceUnitInfo      : No LoadTimeWeaver setup: ignoring JPA class transformer
2026-03-23T17:24:12.150+05:45  INFO 81144 --- [employee-management] [           main] com.zaxxer.hikari.HikariDataSource       : HikariPool-1 - Starting...
2026-03-23T17:24:12.256+05:45  INFO 81144 --- [employee-management] [           main] com.zaxxer.hikari.pool.HikariPool        : HikariPool-1 - Added connection com.mysql.cj.jdbc.ConnectionImpl@73316a0a
2026-03-23T17:24:12.257+05:45  INFO 81144 --- [employee-management] [           main] com.zaxxer.hikari.HikariDataSource       : HikariPool-1 - Start completed.
2026-03-23T17:24:12.284+05:45  INFO 81144 --- [employee-management] [           main] org.hibernate.orm.connections.pooling    : HHH10001005: Database info:
	Database JDBC URL [jdbc:mysql://localhost:3306/employee_db]
	Database driver: MySQL Connector/J
	Database dialect: MySQLDialect
	Database version: 8.0.45
	Default catalog/schema: employee_db/undefined
	Autocommit mode: undefined/unknown
	Isolation level: REPEATABLE_READ [default REPEATABLE_READ]
	JDBC fetch size: none
	Pool: DataSourceConnectionProvider
	Minimum pool size: undefined/unknown
	Maximum pool size: undefined/unknown
2026-03-23T17:24:12.576+05:45  INFO 81144 --- [employee-management] [           main] org.hibernate.orm.core                   : HHH000489: No JTA platform available (set 'hibernate.transaction.jta.platform' to enable JTA platform integration)
2026-03-23T17:24:12.597+05:45  INFO 81144 --- [employee-management] [           main] j.LocalContainerEntityManagerFactoryBean : Initialized JPA EntityManagerFactory for persistence unit 'default'
2026-03-23T17:24:12.627+05:45  INFO 81144 --- [employee-management] [           main] o.s.d.j.r.query.QueryEnhancerFactories   : Hibernate is in classpath; If applicable, HQL parser will be used.
2026-03-23T17:24:12.718+05:45  INFO 81144 --- [employee-management] [           main] r$InitializeUserDetailsManagerConfigurer : Global AuthenticationManager configured with UserDetailsService bean with name customUserDetailsService
2026-03-23T17:24:12.760+05:45  WARN 81144 --- [employee-management] [           main] JpaBaseConfiguration$JpaWebConfiguration : spring.jpa.open-in-view is enabled by default. Therefore, database queries may be performed during view rendering. Explicitly configure spring.jpa.open-in-view to disable this warning
2026-03-23T17:24:12.972+05:45  INFO 81144 --- [employee-management] [           main] o.s.boot.tomcat.TomcatWebServer          : Tomcat started on port 8080 (http) with context path '/'
2026-03-23T17:24:12.975+05:45  INFO 81144 --- [employee-management] [           main] c.e.e.EmployeeManagementApplication      : Started EmployeeManagementApplication in 1.538 seconds (process running for 1.646)
Fixed Rate Scheduler: Task running at - 23-03-2026 17:24:12.975
📡 JSONPlaceholder API - Response received: {
  "userId": 1,
  "id": 1,
  "title": "sunt aut facere repellat provident occaecati excepturi optio reprehenderit",
  "body": "quia et suscipit\nsuscipit recusandae consequuntur expedita et cum\nreprehenderit molestiae ut ut quas totam\nnostrum rerum est autem sunt rem eveniet architecto"
}
👤 Random User API - Called successfully, response: {"results":[{"gender":"male","name":{"title":"Mr","first":"Vladeta","last":"Mandić"},"location":{"street":{"number":3004,"name":"Porodice Miljković"},"city":"Priština","state":"Central Banat","country":"Serbia","postcode":63299,"coordinates":{"latitude":"62.5212","longitude":"-101.0517"},"timezone":{"offset":"+2:00","description":"Kaliningrad, South Africa"}},"email":"vladeta.mandic@example.com","login":{"uuid":"e684aa19-b0c1-47cc-ad73-d2b4aa119b26","username":"lazydog870","password":"stocks","salt":"TbWeBVUM","md5":"9966fc8c2d98ccc61e3296f58dce1b84","sha1":"4934a9a7470c87334be3d084c6480f9ec292fcff","sha256":"b62934dfe607ac650f8e1f5bedef8f6af74212d0f4196bb705fd2ff892b0e85e"},"dob":{"date":"1953-10-30T15:29:12.545Z","age":72},"registered":{"date":"2016-08-31T17:46:29.571Z","age":9},"phone":"036-0057-140","cell":"060-5868-002","id":{"name":"SID","value":"970997077"},"picture":{"large":"https://randomuser.me/api/portraits/men/30.jpg","medium":"https://randomuser.me/api/portraits/med/men/30.jpg","thumbnail":"https://randomuser.me/api/portraits/thumb/men/30.jpg"},"nat":"RS"}],"info":{"seed":"057b1f4a3c62bcd4","results":1,"page":1,"version":"1.4"}}
🐱 Cat Facts API - Fact retrieved: {"fact":"According to Hebrew legend, Noah prayed to God for help protecting all the food he stored on the ark from being eaten by rats. In reply, God made the lion sneeze, and out popped a cat.","length":184}
✅ All free APIs called successfully!
---
Fixed Rate Scheduler: Task running at - 23-03-2026 17:24:27.980
📡 JSONPlaceholder API - Response received: {
  "userId": 1,
  "id": 1,
  "title": "sunt aut facere repellat provident occaecati excepturi optio reprehenderit",
  "body": "quia et suscipit\nsuscipit recusandae consequuntur expedita et cum\nreprehenderit molestiae ut ut quas totam\nnostrum rerum est autem sunt rem eveniet architecto"
}
👤 Random User API - Called successfully, response: {"results":[{"gender":"female","name":{"title":"Ms","first":"Sara","last":"Maki"},"location":{"street":{"number":5747,"name":"Itsenäisyydenkatu"},"city":"Nousiainen","state":"Ostrobothnia","country":"Finland","postcode":73414,"coordinates":{"latitude":"-29.7551","longitude":"99.2072"},"timezone":{"offset":"-8:00","description":"Pacific Time (US & Canada)"}},"email":"sara.maki@example.com","login":{"uuid":"d8b29597-b26c-49c3-b7ed-bf8bbc6f4515","username":"ticklishpeacock944","password":"trance","salt":"lzWKWmCE","md5":"8916b3a3cb20f7724d3ff8fb59e7df1d","sha1":"fc189b9cc0bd2d7658d6ddbb7de04e30deebe06f","sha256":"111294cfe4e13f963e38f718db4a30458307a1518dbb13726183ae596235b92b"},"dob":{"date":"1974-09-11T16:22:57.932Z","age":51},"registered":{"date":"2016-02-06T09:21:15.484Z","age":10},"phone":"08-393-313","cell":"049-140-14-64","id":{"name":"HETU","value":"NaNNA442undefined"},"picture":{"large":"https://randomuser.me/api/portraits/women/72.jpg","medium":"https://randomuser.me/api/portraits/med/women/72.jpg","thumbnail":"https://randomuser.me/api/portraits/thumb/women/72.jpg"},"nat":"FI"}],"info":{"seed":"bec010606338faee","results":1,"page":1,"version":"1.4"}}
🐱 Cat Facts API - Fact retrieved: {"fact":"If a cat is frightened, the hair stands up fairly evenly all over the body; when the cat is threatened or is ready to attack, the hair stands up only in a narrow band along the spine and tail.","length":192}
✅ All free APIs called successfully!
---
Fixed Rate Scheduler: Task running at - 23-03-2026 17:24:42.978
📡 JSONPlaceholder API - Response received: {
  "userId": 1,
  "id": 1,
  "title": "sunt aut facere repellat provident occaecati excepturi optio reprehenderit",
  "body": "quia et suscipit\nsuscipit recusandae consequuntur expedita et cum\nreprehenderit molestiae ut ut quas totam\nnostrum rerum est autem sunt rem eveniet architecto"
}
👤 Random User API - Called successfully, response: {"results":[{"gender":"female","name":{"title":"Ms","first":"Christina","last":"Craig"},"location":{"street":{"number":141,"name":"Springfield Road"},"city":"Carrigaline","state":"Meath","country":"Ireland","postcode":83557,"coordinates":{"latitude":"-2.1958","longitude":"149.5271"},"timezone":{"offset":"+1:00","description":"Brussels, Copenhagen, Madrid, Paris"}},"email":"christina.craig@example.com","login":{"uuid":"32c70c3a-da9e-460f-8238-ba55942e7b90","username":"lazypanda686","password":"candy1","salt":"NM4yc9Xk","md5":"cdf3f2fe9d1d2ef112a104a16cbf0f91","sha1":"ae58943203d10e11cd2d69c40f394c1f5da3c721","sha256":"74dbf4a02b6d4e4164867efbbc4a1d3da3c94bf3d5c9165095c5091d6034f11b"},"dob":{"date":"1963-03-07T10:37:55.837Z","age":63},"registered":{"date":"2009-10-10T10:08:14.893Z","age":16},"phone":"031-194-7501","cell":"081-502-5464","id":{"name":"PPS","value":"9450671T"},"picture":{"large":"https://randomuser.me/api/portraits/women/60.jpg","medium":"https://randomuser.me/api/portraits/med/women/60.jpg","thumbnail":"https://randomuser.me/api/portraits/thumb/women/60.jpg"},"nat":"IE"}],"info":{"seed":"696c430dcd7f3c53","results":1,"page":1,"version":"1.4"}}
🐱 Cat Facts API - Fact retrieved: {"fact":"A cat can\u2019t climb head first down a tree because every claw on a cat\u2019s paw points the same way. To get down from a tree, a cat must back down.","length":142}
✅ All free APIs called successfully!
---
2026-03-23T17:24:45.772+05:45  INFO 81144 --- [employee-management] [nio-8080-exec-1] o.a.c.c.C.[Tomcat].[localhost].[/]       : Initializing Spring DispatcherServlet 'dispatcherServlet'
2026-03-23T17:24:45.773+05:45  INFO 81144 --- [employee-management] [nio-8080-exec-1] o.s.web.servlet.DispatcherServlet        : Initializing Servlet 'dispatcherServlet'
2026-03-23T17:24:45.773+05:45  INFO 81144 --- [employee-management] [nio-8080-exec-1] o.s.web.servlet.DispatcherServlet        : Completed initialization in 0 ms
Hibernate: select u1_0.id,u1_0.created_at,u1_0.email,u1_0.name,u1_0.password,u1_0.phone_number,u1_0.role from users u1_0 where u1_0.email=?
Hibernate: select u1_0.id,u1_0.created_at,u1_0.email,u1_0.name,u1_0.password,u1_0.phone_number,u1_0.role from users u1_0 where u1_0.phone_number=?
Fixed Rate Scheduler: Task running at - 23-03-2026 17:24:57.978
📡 JSONPlaceholder API - Response received: {
  "userId": 1,
  "id": 1,
  "title": "sunt aut facere repellat provident occaecati excepturi optio reprehenderit",
  "body": "quia et suscipit\nsuscipit recusandae consequuntur expedita et cum\nreprehenderit molestiae ut ut quas totam\nnostrum rerum est autem sunt rem eveniet architecto"
}
👤 Random User API - Called successfully, response: {"results":[{"gender":"female","name":{"title":"Miss","first":"Hayley","last":"Williams"},"location":{"street":{"number":3422,"name":"Railway Road"},"city":"Gisborne","state":"Canterbury","country":"New Zealand","postcode":61730,"coordinates":{"latitude":"53.7376","longitude":"64.7084"},"timezone":{"offset":"+7:00","description":"Bangkok, Hanoi, Jakarta"}},"email":"hayley.williams@example.com","login":{"uuid":"6e2c5b22-94ec-4d6f-8a14-62caff2c0ee9","username":"crazygorilla233","password":"baba","salt":"s5W1x9tP","md5":"39264ace7851a4bc22237699aefc4409","sha1":"4a397af111e2d8f1f3259c4354742638acd6c2c2","sha256":"1d39bcfc0fc2722cf1a02a1b11377fe8820f7194ea7e7325add8ec1db5f9b6cf"},"dob":{"date":"1989-08-23T20:16:59.645Z","age":36},"registered":{"date":"2015-09-02T13:01:53.805Z","age":10},"phone":"(917)-098-6027","cell":"(684)-614-5199","id":{"name":"","value":null},"picture":{"large":"https://randomuser.me/api/portraits/women/90.jpg","medium":"https://randomuser.me/api/portraits/med/women/90.jpg","thumbnail":"https://randomuser.me/api/portraits/thumb/women/90.jpg"},"nat":"NZ"}],"info":{"seed":"78422de1bc81c2fc","results":1,"page":1,"version":"1.4"}}
🐱 Cat Facts API - Fact retrieved: {"fact":"Two members of the cat family are distinct from all others: the clouded leopard and the cheetah. The clouded leopard does not roar like other big cats, nor does it groom or rest like small cats. The cheetah is unique because it is a running cat; all others are leaping cats. They are leaping cats because they slowly stalk their prey and then leap on it.","length":354}
✅ All free APIs called successfully!
---
Fixed Rate Scheduler: Task running at - 23-03-2026 17:25:12.976
📡 JSONPlaceholder API - Response received: {
  "userId": 1,
  "id": 1,
  "title": "sunt aut facere repellat provident occaecati excepturi optio reprehenderit",
  "body": "quia et suscipit\nsuscipit recusandae consequuntur expedita et cum\nreprehenderit molestiae ut ut quas totam\nnostrum rerum est autem sunt rem eveniet architecto"
}
👤 Random User API - Called successfully, response: {"results":[{"gender":"male","name":{"title":"Mr","first":"Nitesh","last":"Dhamdhame"},"location":{"street":{"number":2116,"name":"Shakespeare Sarani"},"city":"Muzaffarnagar","state":"Maharashtra","country":"India","postcode":40715,"coordinates":{"latitude":"9.9491","longitude":"-94.7873"},"timezone":{"offset":"+7:00","description":"Bangkok, Hanoi, Jakarta"}},"email":"nitesh.dhamdhame@example.com","login":{"uuid":"a4c3da95-d863-4f55-abc2-23d1122c993a","username":"silvercat232","password":"pulsar","salt":"1Gxm0twl","md5":"d10d19b10104aac2cf5e26b751304494","sha1":"98ae5c05c5e7010530a64dcb0342908f31d36454","sha256":"d01504b50ce0d9907669af2f5dea8894c503f2d9fc240de4028528d261bc39d8"},"dob":{"date":"1956-04-02T11:41:17.452Z","age":69},"registered":{"date":"2019-11-11T06:57:10.870Z","age":6},"phone":"7117662654","cell":"7997798344","id":{"name":"UIDAI","value":"108659134979"},"picture":{"large":"https://randomuser.me/api/portraits/men/9.jpg","medium":"https://randomuser.me/api/portraits/med/men/9.jpg","thumbnail":"https://randomuser.me/api/portraits/thumb/men/9.jpg"},"nat":"IN"}],"info":{"seed":"0fb16d080abc082c","results":1,"page":1,"version":"1.4"}}
🐱 Cat Facts API - Fact retrieved: {"fact":"Baking chocolate is the most dangerous chocolate to your cat.","length":61}
✅ All free APIs called successfully!
---
Fixed Rate Scheduler: Task running at - 23-03-2026 17:25:27.976
📡 JSONPlaceholder API - Response received: {
  "userId": 1,
  "id": 1,
  "title": "sunt aut facere repellat provident occaecati excepturi optio reprehenderit",
  "body": "quia et suscipit\nsuscipit recusandae consequuntur expedita et cum\nreprehenderit molestiae ut ut quas totam\nnostrum rerum est autem sunt rem eveniet architecto"
}
👤 Random User API - Called successfully, response: {"results":[{"gender":"female","name":{"title":"Mrs","first":"Ava","last":"Jean-Baptiste"},"location":{"street":{"number":449,"name":"George St"},"city":"Fauquier","state":"Nova Scotia","country":"Canada","postcode":"M5V 7R2","coordinates":{"latitude":"-69.1865","longitude":"102.5110"},"timezone":{"offset":"+8:00","description":"Beijing, Perth, Singapore, Hong Kong"}},"email":"ava.jean-baptiste@example.com","login":{"uuid":"267d0857-4740-4b42-8774-7f82253dfb80","username":"goldenladybug979","password":"jennie","salt":"EtbRqkdD","md5":"a9f738021a57ee0b460d4c84f0a32db6","sha1":"667a98bde862fdeef33a7881c6029d97598992d1","sha256":"52599eb8446bed6152e5b5dc65827e79b6b460dce436a3ac520098843afe732b"},"dob":{"date":"1973-12-22T07:49:13.765Z","age":52},"registered":{"date":"2005-03-06T05:25:17.928Z","age":21},"phone":"I18 Z75-0413","cell":"O82 B38-2994","id":{"name":"SIN","value":"612855007"},"picture":{"large":"https://randomuser.me/api/portraits/women/15.jpg","medium":"https://randomuser.me/api/portraits/med/women/15.jpg","thumbnail":"https://randomuser.me/api/portraits/thumb/women/15.jpg"},"nat":"CA"}],"info":{"seed":"9a1aa34c5a23d356","results":1,"page":1,"version":"1.4"}}
🐱 Cat Facts API - Fact retrieved: {"fact":"Unlike humans, cats do not need to blink their eyes on a regular basis to keep their eyes lubricated.","length":101}
✅ All free APIs called successfully!
---
Fixed Rate Scheduler: Task running at - 23-03-2026 17:25:42.976
📡 JSONPlaceholder API - Response received: {
  "userId": 1,
  "id": 1,
  "title": "sunt aut facere repellat provident occaecati excepturi optio reprehenderit",
  "body": "quia et suscipit\nsuscipit recusandae consequuntur expedita et cum\nreprehenderit molestiae ut ut quas totam\nnostrum rerum est autem sunt rem eveniet architecto"
}
👤 Random User API - Called successfully, response: {"results":[{"gender":"male","name":{"title":"Mr","first":"Federico","last":"Urías"},"location":{"street":{"number":5796,"name":"Andador Sur Orosco"},"city":"Manuel Ojinaga","state":"Tlaxcala","country":"Mexico","postcode":50550,"coordinates":{"latitude":"23.6635","longitude":"-126.7732"},"timezone":{"offset":"+9:30","description":"Adelaide, Darwin"}},"email":"federico.urias@example.com","login":{"uuid":"4ee917e7-f415-42d4-9bc4-ac37264cce36","username":"silverfrog712","password":"qazwsxed","salt":"0shtj1sK","md5":"8a919f4bf3a0f0d19fb946aea6b2103d","sha1":"9fccb627d70bdbd307ee5aa507296923ed2238e1","sha256":"8c64cbe3f761abd7b20c1a1cbaa37e44adbf669f227a25bc287a2feb460a53da"},"dob":{"date":"1989-05-30T01:43:43.448Z","age":36},"registered":{"date":"2006-03-01T04:26:27.568Z","age":20},"phone":"(614) 277 8247","cell":"(654) 620 3397","id":{"name":"NSS","value":"78 81 47 2933 7"},"picture":{"large":"https://randomuser.me/api/portraits/men/48.jpg","medium":"https://randomuser.me/api/portraits/med/men/48.jpg","thumbnail":"https://randomuser.me/api/portraits/thumb/men/48.jpg"},"nat":"MX"}],"info":{"seed":"a409698823ad281e","results":1,"page":1,"version":"1.4"}}
🐱 Cat Facts API - Fact retrieved: {"fact":"Cats come back to full alertness from the sleep state faster than any other creature.","length":85}
✅ All free APIs called successfully!
---
Hibernate: select u1_0.id,u1_0.created_at,u1_0.email,u1_0.name,u1_0.password,u1_0.phone_number,u1_0.role from users u1_0 where u1_0.email=?
Hibernate: select u1_0.id,u1_0.created_at,u1_0.email,u1_0.name,u1_0.password,u1_0.phone_number,u1_0.role from users u1_0 where u1_0.phone_number=?
Fixed Rate Scheduler: Task running at - 23-03-2026 17:25:57.980
📡 JSONPlaceholder API - Response received: {
  "userId": 1,
  "id": 1,
  "title": "sunt aut facere repellat provident occaecati excepturi optio reprehenderit",
  "body": "quia et suscipit\nsuscipit recusandae consequuntur expedita et cum\nreprehenderit molestiae ut ut quas totam\nnostrum rerum est autem sunt rem eveniet architecto"
}
👤 Random User API - Called successfully, response: {"results":[{"gender":"male","name":{"title":"Mr","first":"Blake","last":"Hughes"},"location":{"street":{"number":5090,"name":"Wai-Iti Road"},"city":"Nelson","state":"Waikato","country":"New Zealand","postcode":83452,"coordinates":{"latitude":"53.8444","longitude":"-21.6075"},"timezone":{"offset":"-1:00","description":"Azores, Cape Verde Islands"}},"email":"blake.hughes@example.com","login":{"uuid":"2468e8dd-32e7-4a0d-bc85-65ba4e7a072a","username":"orangegoose474","password":"septembe","salt":"mk5DNb1S","md5":"20fda131cf7a29edd9512b14f5eb06e1","sha1":"4ed389caf224649573e3432de20cabe487211c47","sha256":"13bc0543c5be7bdebfde377467272c079b25039a4897d5a195b6ea2209896fe3"},"dob":{"date":"1965-06-11T05:46:53.210Z","age":60},"registered":{"date":"2017-02-27T16:18:28.231Z","age":9},"phone":"(284)-604-1674","cell":"(409)-900-8406","id":{"name":"","value":null},"picture":{"large":"https://randomuser.me/api/portraits/men/68.jpg","medium":"https://randomuser.me/api/portraits/med/men/68.jpg","thumbnail":"https://randomuser.me/api/portraits/thumb/men/68.jpg"},"nat":"NZ"}],"info":{"seed":"9dccead600a31485","results":1,"page":1,"version":"1.4"}}
🐱 Cat Facts API - Fact retrieved: {"fact":"In 1987, cats overtook dogs as the number one pet in America (about 50 million cats resided in 24 million homes in 1986). About 37% of American homes today have at least one cat.","length":178}
✅ All free APIs called successfully!
---
Hibernate: select u1_0.id,u1_0.created_at,u1_0.email,u1_0.name,u1_0.password,u1_0.phone_number,u1_0.role from users u1_0 where u1_0.email=?
Hibernate: select u1_0.id,u1_0.created_at,u1_0.email,u1_0.name,u1_0.password,u1_0.phone_number,u1_0.role from users u1_0 where u1_0.phone_number=?
Fixed Rate Scheduler: Task running at - 23-03-2026 17:26:12.978
📡 JSONPlaceholder API - Response received: {
  "userId": 1,
  "id": 1,
  "title": "sunt aut facere repellat provident occaecati excepturi optio reprehenderit",
  "body": "quia et suscipit\nsuscipit recusandae consequuntur expedita et cum\nreprehenderit molestiae ut ut quas totam\nnostrum rerum est autem sunt rem eveniet architecto"
}
👤 Random User API - Called successfully, response: {"results":[{"gender":"female","name":{"title":"Mademoiselle","first":"Morena","last":"Guillaume"},"location":{"street":{"number":9454,"name":"Avenue Joliot Curie"},"city":"Volken","state":"Vaud","country":"Switzerland","postcode":6772,"coordinates":{"latitude":"-63.4110","longitude":"102.4735"},"timezone":{"offset":"-3:30","description":"Newfoundland"}},"email":"morena.guillaume@example.com","login":{"uuid":"b684f1ee-6b7a-4256-a1f2-806185a77f99","username":"blueleopard156","password":"wedding","salt":"TCPkuy5h","md5":"f249bcb41a4d7f10db01f8ca78d11690","sha1":"f7dbba4d70f908b778bfd8bbcffa78a92a46974e","sha256":"0fe42cfa44b63e0df901c75fc2cf8185aacf2f0cbf1904cf4de59c4da3c5795d"},"dob":{"date":"1969-03-30T23:57:21.920Z","age":56},"registered":{"date":"2004-06-19T12:23:58.727Z","age":21},"phone":"077 495 55 86","cell":"077 191 70 69","id":{"name":"AVS","value":"756.3287.2958.83"},"picture":{"large":"https://randomuser.me/api/portraits/women/51.jpg","medium":"https://randomuser.me/api/portraits/med/women/51.jpg","thumbnail":"https://randomuser.me/api/portraits/thumb/women/51.jpg"},"nat":"CH"}],"info":{"seed":"9807b03e63a7c850","results":1,"page":1,"version":"1.4"}}
🐱 Cat Facts API - Fact retrieved: {"fact":"Purring does not always indicate that a cat is happy. Cats will also purr loudly when they are distressed or in pain.","length":117}
✅ All free APIs called successfully!
---
2026-03-23T17:26:17.363+05:45  INFO 81144 --- [employee-management] [ionShutdownHook] o.s.boot.tomcat.GracefulShutdown         : Commencing graceful shutdown. Waiting for active requests to complete
2026-03-23T17:26:17.365+05:45  INFO 81144 --- [employee-management] [tomcat-shutdown] o.s.boot.tomcat.GracefulShutdown         : Graceful shutdown complete
2026-03-23T17:26:17.367+05:45  INFO 81144 --- [employee-management] [ionShutdownHook] j.LocalContainerEntityManagerFactoryBean : Closing JPA EntityManagerFactory for persistence unit 'default'
2026-03-23T17:26:17.369+05:45  INFO 81144 --- [employee-management] [ionShutdownHook] com.zaxxer.hikari.HikariDataSource       : HikariPool-1 - Shutdown initiated...
2026-03-23T17:26:17.370+05:45  INFO 81144 --- [employee-management] [ionShutdownHook] com.zaxxer.hikari.HikariDataSource       : HikariPool-1 - Shutdown completed.
