[INFO] Scanning for projects...
[INFO] 
[INFO] ------------------< com.example:employee-management >-------------------
[INFO] Building employee-management 0.0.1-SNAPSHOT
[INFO]   from pom.xml
[INFO] --------------------------------[ jar ]---------------------------------
[INFO] 
[INFO] >>> spring-boot:4.0.4:run (default-cli) > test-compile @ employee-management >>>
[INFO] 
[INFO] --- resources:3.3.1:resources (default-resources) @ employee-management ---
[INFO] Copying 1 resource from src/main/resources to target/classes
[INFO] Copying 0 resource from src/main/resources to target/classes
[INFO] 
[INFO] --- compiler:3.14.1:compile (default-compile) @ employee-management ---
[INFO] Nothing to compile - all classes are up to date.
[INFO] 
[INFO] --- resources:3.3.1:testResources (default-testResources) @ employee-management ---
[INFO] skip non existing resourceDirectory /Users/bipaashahamal/Documents/employee-management/src/test/resources
[INFO] 
[INFO] --- compiler:3.14.1:testCompile (default-testCompile) @ employee-management ---
[INFO] Nothing to compile - all classes are up to date.
[INFO] 
[INFO] <<< spring-boot:4.0.4:run (default-cli) < test-compile @ employee-management <<<
[INFO] 
[INFO] 
[INFO] --- spring-boot:4.0.4:run (default-cli) @ employee-management ---
[INFO] Attaching agents: []

  .   ____          _            __ _ _
 /\\ / ___'_ __ _ _(_)_ __  __ _ \ \ \ \
( ( )\___ | '_ | '_| | '_ \/ _` | \ \ \ \
 \\/  ___)| |_)| | | | | || (_| |  ) ) ) )
  '  |____| .__|_| |_|_| |_\__, | / / / /
 =========|_|==============|___/=/_/_/_/

 :: Spring Boot ::                (v4.0.4)

2026-03-23T17:20:33.877+05:45  INFO 80030 --- [employee-management] [           main] c.e.e.EmployeeManagementApplication      : Starting EmployeeManagementApplication using Java 25.0.1 with PID 80030 (/Users/bipaashahamal/Documents/employee-management/target/classes started by bipaashahamal in /Users/bipaashahamal/Documents/employee-management)
2026-03-23T17:20:33.878+05:45  INFO 80030 --- [employee-management] [           main] c.e.e.EmployeeManagementApplication      : No active profile set, falling back to 1 default profile: "default"
2026-03-23T17:20:34.088+05:45  INFO 80030 --- [employee-management] [           main] .s.d.r.c.RepositoryConfigurationDelegate : Bootstrapping Spring Data JPA repositories in DEFAULT mode.
2026-03-23T17:20:34.102+05:45  INFO 80030 --- [employee-management] [           main] .s.d.r.c.RepositoryConfigurationDelegate : Finished Spring Data repository scanning in 12 ms. Found 2 JPA repository interfaces.
2026-03-23T17:20:34.275+05:45  INFO 80030 --- [employee-management] [           main] o.s.boot.tomcat.TomcatWebServer          : Tomcat initialized with port 8080 (http)
2026-03-23T17:20:34.279+05:45  INFO 80030 --- [employee-management] [           main] o.apache.catalina.core.StandardService   : Starting service [Tomcat]
2026-03-23T17:20:34.279+05:45  INFO 80030 --- [employee-management] [           main] o.apache.catalina.core.StandardEngine    : Starting Servlet engine: [Apache Tomcat/11.0.18]
2026-03-23T17:20:34.292+05:45  INFO 80030 --- [employee-management] [           main] b.w.c.s.WebApplicationContextInitializer : Root WebApplicationContext: initialization completed in 395 ms
2026-03-23T17:20:34.339+05:45  INFO 80030 --- [employee-management] [           main] org.hibernate.orm.jpa                    : HHH008540: Processing PersistenceUnitInfo [name: default]
2026-03-23T17:20:34.354+05:45  INFO 80030 --- [employee-management] [           main] org.hibernate.orm.core                   : HHH000001: Hibernate ORM core version 7.2.7.Final
2026-03-23T17:20:34.487+05:45  INFO 80030 --- [employee-management] [           main] o.s.o.j.p.SpringPersistenceUnitInfo      : No LoadTimeWeaver setup: ignoring JPA class transformer
2026-03-23T17:20:34.496+05:45  INFO 80030 --- [employee-management] [           main] com.zaxxer.hikari.HikariDataSource       : HikariPool-1 - Starting...
2026-03-23T17:20:34.603+05:45  INFO 80030 --- [employee-management] [           main] com.zaxxer.hikari.pool.HikariPool        : HikariPool-1 - Added connection com.mysql.cj.jdbc.ConnectionImpl@23954300
2026-03-23T17:20:34.604+05:45  INFO 80030 --- [employee-management] [           main] com.zaxxer.hikari.HikariDataSource       : HikariPool-1 - Start completed.
2026-03-23T17:20:34.631+05:45  INFO 80030 --- [employee-management] [           main] org.hibernate.orm.connections.pooling    : HHH10001005: Database info:
	Database JDBC URL [jdbc:mysql://localhost:3306/employee_db]
	Database driver: MySQL Connector/J
	Database dialect: MySQLDialect
	Database version: 8.0.45
	Default catalog/schema: employee_db/undefined
	Autocommit mode: undefined/unknown
	Isolation level: REPEATABLE_READ [default REPEATABLE_READ]
	JDBC fetch size: none
	Pool: DataSourceConnectionProvider
	Minimum pool size: undefined/unknown
	Maximum pool size: undefined/unknown
2026-03-23T17:20:34.915+05:45  INFO 80030 --- [employee-management] [           main] org.hibernate.orm.core                   : HHH000489: No JTA platform available (set 'hibernate.transaction.jta.platform' to enable JTA platform integration)
2026-03-23T17:20:34.935+05:45  INFO 80030 --- [employee-management] [           main] j.LocalContainerEntityManagerFactoryBean : Initialized JPA EntityManagerFactory for persistence unit 'default'
2026-03-23T17:20:34.965+05:45  INFO 80030 --- [employee-management] [           main] o.s.d.j.r.query.QueryEnhancerFactories   : Hibernate is in classpath; If applicable, HQL parser will be used.
2026-03-23T17:20:35.057+05:45  INFO 80030 --- [employee-management] [           main] r$InitializeUserDetailsManagerConfigurer : Global AuthenticationManager configured with UserDetailsService bean with name customUserDetailsService
2026-03-23T17:20:35.099+05:45  WARN 80030 --- [employee-management] [           main] JpaBaseConfiguration$JpaWebConfiguration : spring.jpa.open-in-view is enabled by default. Therefore, database queries may be performed during view rendering. Explicitly configure spring.jpa.open-in-view to disable this warning
2026-03-23T17:20:35.312+05:45  INFO 80030 --- [employee-management] [           main] o.s.boot.tomcat.TomcatWebServer          : Tomcat started on port 8080 (http) with context path '/'
2026-03-23T17:20:35.314+05:45  INFO 80030 --- [employee-management] [           main] c.e.e.EmployeeManagementApplication      : Started EmployeeManagementApplication in 1.543 seconds (process running for 1.652)
Fixed Rate Scheduler: Task running at - 23-03-2026 17:20:35.315
📡 JSONPlaceholder API - Response received: {
  "userId": 1,
  "id": 1,
  "title": "sunt aut facere repellat provident occaecati excepturi optio reprehenderit",
  "body": "quia et suscipit\nsuscipit recusandae consequuntur expedita et cum\nreprehenderit molestiae ut ut quas totam\nnostrum rerum est autem sunt rem eveniet architecto"
}
👤 Random User API - Called successfully, response: {"results":[{"gender":"female","name":{"title":"Mrs","first":"Ruslana","last":"Šerbedžija"},"location":{"street":{"number":2875,"name":"Dragoljuba Ivkova"},"city":"Bač","state":"Podunavlje","country":"Serbia","postcode":43303,"coordinates":{"latitude":"57.2535","longitude":"121.9978"},"timezone":{"offset":"+5:00","description":"Ekaterinburg, Islamabad, Karachi, Tashkent"}},"email":"ruslana.serbedzija@example.com","login":{"uuid":"baab4308-5616-440f-a66c-d3928cb43185","username":"silversnake321","password":"help","salt":"Agzpd84x","md5":"8793d359222d1d178be4372d7a0b235c","sha1":"ccdc3d2a788fcc21a736a634ab257861f95346e4","sha256":"b8f3f8db85314b13a1d30b604f4961e6849e333eb537f92e4cd9b3b2b8042a54"},"dob":{"date":"1979-07-25T12:14:21.786Z","age":46},"registered":{"date":"2005-03-29T15:05:14.413Z","age":20},"phone":"036-2215-360","cell":"068-4225-502","id":{"name":"SID","value":"553032546"},"picture":{"large":"https://randomuser.me/api/portraits/women/54.jpg","medium":"https://randomuser.me/api/portraits/med/women/54.jpg","thumbnail":"https://randomuser.me/api/portraits/thumb/women/54.jpg"},"nat":"RS"}],"info":{"seed":"a2a7d4817e875837","results":1,"page":1,"version":"1.4"}}
🐱 Cat Facts API - Fact retrieved: {"fact":"Despite imagery of cats happily drinking milk from saucers, studies indicate that cats are actually lactose intolerant and should avoid it entirely.","length":148}
✅ All free APIs called successfully!
---
Fixed Rate Scheduler: Task running at - 23-03-2026 17:20:50.317
📡 JSONPlaceholder API - Response received: {
  "userId": 1,
  "id": 1,
  "title": "sunt aut facere repellat provident occaecati excepturi optio reprehenderit",
  "body": "quia et suscipit\nsuscipit recusandae consequuntur expedita et cum\nreprehenderit molestiae ut ut quas totam\nnostrum rerum est autem sunt rem eveniet architecto"
}
👤 Random User API - Called successfully, response: {"results":[{"gender":"female","name":{"title":"Ms","first":"Naja","last":"Sørensen"},"location":{"street":{"number":4992,"name":"Østre Alle"},"city":"Randers Nø","state":"Syddanmark","country":"Denmark","postcode":93897,"coordinates":{"latitude":"-39.2435","longitude":"37.1899"},"timezone":{"offset":"-3:00","description":"Brazil, Buenos Aires, Georgetown"}},"email":"naja.sorensen@example.com","login":{"uuid":"bfd57fad-ef0b-4d9f-9398-c72fc052e8d6","username":"orangepeacock540","password":"meatball","salt":"7aT2J8to","md5":"25b60bb1ff93b0be77946060ccda04d1","sha1":"ee2d6f266e6ea49866c413088b1a677c2809e559","sha256":"325347418b85238c96559eb9e44b04235cc2bab875b8c1bcc2922466e49ad017"},"dob":{"date":"1952-05-12T03:17:58.032Z","age":73},"registered":{"date":"2021-09-01T02:26:47.508Z","age":4},"phone":"03185845","cell":"80473815","id":{"name":"CPR","value":"110552-8328"},"picture":{"large":"https://randomuser.me/api/portraits/women/77.jpg","medium":"https://randomuser.me/api/portraits/med/women/77.jpg","thumbnail":"https://randomuser.me/api/portraits/thumb/women/77.jpg"},"nat":"DK"}],"info":{"seed":"22f3ed9662dc1607","results":1,"page":1,"version":"1.4"}}
🐱 Cat Facts API - Fact retrieved: {"fact":"A commemorative tower was built in Scotland for a cat named Towser, who caught nearly 30,000 mice in her lifetime.","length":114}
✅ All free APIs called successfully!
---
Fixed Rate Scheduler: Task running at - 23-03-2026 17:21:05.319
📡 JSONPlaceholder API - Response received: {
  "userId": 1,
  "id": 1,
  "title": "sunt aut facere repellat provident occaecati excepturi optio reprehenderit",
  "body": "quia et suscipit\nsuscipit recusandae consequuntur expedita et cum\nreprehenderit molestiae ut ut quas totam\nnostrum rerum est autem sunt rem eveniet architecto"
}
👤 Random User API - Called successfully, response: {"results":[{"gender":"male","name":{"title":"Mr","first":"Ege","last":"Nalbantoğlu"},"location":{"street":{"number":4107,"name":"Anafartalar Cd"},"city":"Kastamonu","state":"Iğdır","country":"Turkey","postcode":84815,"coordinates":{"latitude":"65.6443","longitude":"-80.9322"},"timezone":{"offset":"+1:00","description":"Brussels, Copenhagen, Madrid, Paris"}},"email":"ege.nalbantoglu@example.com","login":{"uuid":"5a7617fd-d122-4c5b-aa94-cc61b1bac8f1","username":"orangefish828","password":"neil","salt":"YhjiWuTy","md5":"f16f41dbe4028b3c1db583e8faecc9ac","sha1":"db4e9288cb635cd8549127b46327df4263e1c84a","sha256":"fa13f03a3eaf5a616632d2c2bd2b707a0ed79b852a15d2589b975a06dfd0e58d"},"dob":{"date":"1990-08-29T14:03:31.745Z","age":35},"registered":{"date":"2010-06-20T07:27:26.823Z","age":15},"phone":"(717)-675-9154","cell":"(923)-468-0538","id":{"name":"","value":null},"picture":{"large":"https://randomuser.me/api/portraits/men/8.jpg","medium":"https://randomuser.me/api/portraits/med/men/8.jpg","thumbnail":"https://randomuser.me/api/portraits/thumb/men/8.jpg"},"nat":"TR"}],"info":{"seed":"f023da6eae90fd6d","results":1,"page":1,"version":"1.4"}}
🐱 Cat Facts API - Fact retrieved: {"fact":"Not every cat gets \\high\\\" from catnip. Whether or not a cat responds to it depends upon a recessive gene: no gene\"","length":115}
✅ All free APIs called successfully!
---
2026-03-23T17:21:08.476+05:45  INFO 80030 --- [employee-management] [nio-8080-exec-1] o.a.c.c.C.[Tomcat].[localhost].[/]       : Initializing Spring DispatcherServlet 'dispatcherServlet'
2026-03-23T17:21:08.476+05:45  INFO 80030 --- [employee-management] [nio-8080-exec-1] o.s.web.servlet.DispatcherServlet        : Initializing Servlet 'dispatcherServlet'
2026-03-23T17:21:08.477+05:45  INFO 80030 --- [employee-management] [nio-8080-exec-1] o.s.web.servlet.DispatcherServlet        : Completed initialization in 1 ms
Hibernate: select u1_0.id,u1_0.created_at,u1_0.email,u1_0.name,u1_0.password,u1_0.phone_number,u1_0.role from users u1_0 where u1_0.email=?
Hibernate: select u1_0.id,u1_0.created_at,u1_0.email,u1_0.name,u1_0.password,u1_0.phone_number,u1_0.role from users u1_0 where u1_0.phone_number=?
Fixed Rate Scheduler: Task running at - 23-03-2026 17:21:20.314
📡 JSONPlaceholder API - Response received: {
  "userId": 1,
  "id": 1,
  "title": "sunt aut facere repellat provident occaecati excepturi optio reprehenderit",
  "body": "quia et suscipit\nsuscipit recusandae consequuntur expedita et cum\nreprehenderit molestiae ut ut quas totam\nnostrum rerum est autem sunt rem eveniet architecto"
}
👤 Random User API - Called successfully, response: {"results":[{"gender":"male","name":{"title":"Mr","first":"Nikolaj","last":"Christensen"},"location":{"street":{"number":6609,"name":"Skovvangsvej"},"city":"Allinge","state":"Danmark","country":"Denmark","postcode":57292,"coordinates":{"latitude":"-46.2892","longitude":"-120.7638"},"timezone":{"offset":"-7:00","description":"Mountain Time (US & Canada)"}},"email":"nikolaj.christensen@example.com","login":{"uuid":"b12ab008-88c7-4dd2-b5c7-53d9833fe5e3","username":"smallkoala396","password":"evil","salt":"HIUBZYj0","md5":"64dd2b77bdf8a777e45398e211e69f6a","sha1":"fc31a52714ccf92bbe126fd4d6f9ede0e132c4b7","sha256":"0b7634a3da668a5db2c3ae2a1260b75cf00a42277cfb1b4a2c84ff0838208a3b"},"dob":{"date":"1956-02-28T10:05:02.479Z","age":70},"registered":{"date":"2019-11-12T15:27:04.773Z","age":6},"phone":"51298382","cell":"04863544","id":{"name":"CPR","value":"280256-3896"},"picture":{"large":"https://randomuser.me/api/portraits/men/59.jpg","medium":"https://randomuser.me/api/portraits/med/men/59.jpg","thumbnail":"https://randomuser.me/api/portraits/thumb/men/59.jpg"},"nat":"DK"}],"info":{"seed":"3b8e2982e4fca862","results":1,"page":1,"version":"1.4"}}
🐱 Cat Facts API - Fact retrieved: {"fact":"A cat called Dusty has the known record for the most kittens. She had more than 420 kittens in her lifetime.","length":108}
✅ All free APIs called successfully!
---
Fixed Rate Scheduler: Task running at - 23-03-2026 17:21:35.319
📡 JSONPlaceholder API - Response received: {
  "userId": 1,
  "id": 1,
  "title": "sunt aut facere repellat provident occaecati excepturi optio reprehenderit",
  "body": "quia et suscipit\nsuscipit recusandae consequuntur expedita et cum\nreprehenderit molestiae ut ut quas totam\nnostrum rerum est autem sunt rem eveniet architecto"
}
👤 Random User API - Called successfully, response: {"results":[{"gender":"male","name":{"title":"Mr","first":"Joaquim","last":"Barbosa"},"location":{"street":{"number":7055,"name":"Rua Belo Horizonte "},"city":"Ponta Grossa","state":"Sergipe","country":"Brazil","postcode":58027,"coordinates":{"latitude":"-76.3259","longitude":"-117.6039"},"timezone":{"offset":"+4:00","description":"Abu Dhabi, Muscat, Baku, Tbilisi"}},"email":"joaquim.barbosa@example.com","login":{"uuid":"819b2ae8-2175-4006-8727-47f4116a34f0","username":"blackkoala343","password":"iceman","salt":"ieBtccAb","md5":"94bb8a74d84c7fa8617554da1120600a","sha1":"1f4eaafeb8584f1c5e38c3e5471cdeae2ece091f","sha256":"f610cd1bf5396d729926550e36d615ba33506f2682841fa59e402f694645c314"},"dob":{"date":"1970-07-22T15:53:09.366Z","age":55},"registered":{"date":"2021-03-04T16:41:24.693Z","age":5},"phone":"(00) 3622-9036","cell":"(37) 6161-4105","id":{"name":"CPF","value":"622.949.852-18"},"picture":{"large":"https://randomuser.me/api/portraits/men/28.jpg","medium":"https://randomuser.me/api/portraits/med/men/28.jpg","thumbnail":"https://randomuser.me/api/portraits/thumb/men/28.jpg"},"nat":"BR"}],"info":{"seed":"7a6da29ca22916e4","results":1,"page":1,"version":"1.4"}}
🐱 Cat Facts API - Fact retrieved: {"fact":"The first cartoon cat was\u00a0Felix the Cat\u00a0in 1919. In 1940, Tom and Jerry starred in the first theatrical cartoon \u201cPuss Gets the Boot.\u201d In 1981 Andrew Lloyd Weber created the musical\u00a0Cats, based on T.S. Eliot\u2019s Old\u00a0Possum\u2019s Book of Practical Cats.","length":245}
✅ All free APIs called successfully!
---
Fixed Rate Scheduler: Task running at - 23-03-2026 17:21:50.315
📡 JSONPlaceholder API - Response received: {
  "userId": 1,
  "id": 1,
  "title": "sunt aut facere repellat provident occaecati excepturi optio reprehenderit",
  "body": "quia et suscipit\nsuscipit recusandae consequuntur expedita et cum\nreprehenderit molestiae ut ut quas totam\nnostrum rerum est autem sunt rem eveniet architecto"
}
👤 Random User API - Called successfully, response: {"results":[{"gender":"male","name":{"title":"Mr","first":"Koray","last":"Akışık"},"location":{"street":{"number":7314,"name":"Tunalı Hilmi Cd"},"city":"Kütahya","state":"Bartın","country":"Turkey","postcode":34642,"coordinates":{"latitude":"68.6112","longitude":"-60.3987"},"timezone":{"offset":"+4:00","description":"Abu Dhabi, Muscat, Baku, Tbilisi"}},"email":"koray.akisik@example.com","login":{"uuid":"919ba8e4-4db3-4100-bc6b-a9a633d2d651","username":"greenostrich665","password":"shalom","salt":"tYSoeba8","md5":"ba6d7a35d4a570e1760514d8986a77fe","sha1":"783c98902b199b5212694520cb27a914487a5dd8","sha256":"c7814224fb5d0541430bb122621be58a4446397d61597cc7806850e52c8e3a76"},"dob":{"date":"1979-07-04T00:21:18.518Z","age":46},"registered":{"date":"2015-03-02T19:43:08.896Z","age":11},"phone":"(228)-183-3191","cell":"(345)-715-9882","id":{"name":"","value":null},"picture":{"large":"https://randomuser.me/api/portraits/men/42.jpg","medium":"https://randomuser.me/api/portraits/med/men/42.jpg","thumbnail":"https://randomuser.me/api/portraits/thumb/men/42.jpg"},"nat":"TR"}],"info":{"seed":"7486acbaf7819d15","results":1,"page":1,"version":"1.4"}}
🐱 Cat Facts API - Fact retrieved: {"fact":"A cat lover is called an Ailurophilia (Greek: cat+lover).","length":57}
✅ All free APIs called successfully!
---
Fixed Rate Scheduler: Task running at - 23-03-2026 17:22:05.319
📡 JSONPlaceholder API - Response received: {
  "userId": 1,
  "id": 1,
  "title": "sunt aut facere repellat provident occaecati excepturi optio reprehenderit",
  "body": "quia et suscipit\nsuscipit recusandae consequuntur expedita et cum\nreprehenderit molestiae ut ut quas totam\nnostrum rerum est autem sunt rem eveniet architecto"
}
👤 Random User API - Called successfully, response: {"results":[{"gender":"female","name":{"title":"Mrs","first":"Danka","last":"Anđelković"},"location":{"street":{"number":985,"name":"Lozička"},"city":"Medveđa","state":"North Banat","country":"Serbia","postcode":25746,"coordinates":{"latitude":"61.4951","longitude":"70.1059"},"timezone":{"offset":"-2:00","description":"Mid-Atlantic"}},"email":"danka.andelkovic@example.com","login":{"uuid":"20761776-2025-4fce-b73c-cbf08629406f","username":"smallsnake723","password":"christi","salt":"cit9W4EE","md5":"8aa244e9790b9abdb6c96e5532f54a35","sha1":"5b847f3138ffbac46c0ca3b64a30739a0d5c1a07","sha256":"7d9501053cb38803661544403d48757cf2aa66c1deb12ca2d1f446e21bbd8fcb"},"dob":{"date":"1998-06-06T13:54:30.086Z","age":27},"registered":{"date":"2003-01-22T15:44:02.173Z","age":23},"phone":"021-5203-967","cell":"069-1107-518","id":{"name":"SID","value":"679114582"},"picture":{"large":"https://randomuser.me/api/portraits/women/54.jpg","medium":"https://randomuser.me/api/portraits/med/women/54.jpg","thumbnail":"https://randomuser.me/api/portraits/thumb/women/54.jpg"},"nat":"RS"}],"info":{"seed":"7ddec9a0443becec","results":1,"page":1,"version":"1.4"}}
🐱 Cat Facts API - Fact retrieved: {"fact":"The life expectancy of cats has nearly doubled over the last fifty years.","length":73}
✅ All free APIs called successfully!
---
Fixed Rate Scheduler: Task running at - 23-03-2026 17:22:20.319
📡 JSONPlaceholder API - Response received: {
  "userId": 1,
  "id": 1,
  "title": "sunt aut facere repellat provident occaecati excepturi optio reprehenderit",
  "body": "quia et suscipit\nsuscipit recusandae consequuntur expedita et cum\nreprehenderit molestiae ut ut quas totam\nnostrum rerum est autem sunt rem eveniet architecto"
}
👤 Random User API - Called successfully, response: {"results":[{"gender":"male","name":{"title":"Mr","first":"Sergio","last":"Méndez"},"location":{"street":{"number":5572,"name":"Avenida de Burgos"},"city":"Lugo","state":"Comunidad Valenciana","country":"Spain","postcode":52786,"coordinates":{"latitude":"-30.2983","longitude":"-142.4501"},"timezone":{"offset":"-8:00","description":"Pacific Time (US & Canada)"}},"email":"sergio.mendez@example.com","login":{"uuid":"f8281787-252f-4d21-91a8-228f8ad14be9","username":"purpleleopard258","password":"annabell","salt":"kwj02jhw","md5":"96c9ec96958758210c0917bd56f840f4","sha1":"f15dcd448ebd452e6d22ffaf1a745270a0c01b4b","sha256":"0af8f706ae18f6a8ec6c04d8757c6e551a95cf60b5e1b1007dd1353b8966250c"},"dob":{"date":"1952-09-13T16:46:45.483Z","age":73},"registered":{"date":"2013-04-08T16:23:58.834Z","age":12},"phone":"956-802-696","cell":"610-093-660","id":{"name":"DNI","value":"26429632-E"},"picture":{"large":"https://randomuser.me/api/portraits/men/97.jpg","medium":"https://randomuser.me/api/portraits/med/men/97.jpg","thumbnail":"https://randomuser.me/api/portraits/thumb/men/97.jpg"},"nat":"ES"}],"info":{"seed":"72f4a82784b1db47","results":1,"page":1,"version":"1.4"}}
🐱 Cat Facts API - Fact retrieved: {"fact":"Cats can predict earthquakes. We humans are not 100% sure how they do it. There are several different theories.","length":111}
✅ All free APIs called successfully!
---
Fixed Rate Scheduler: Task running at - 23-03-2026 17:22:35.319
📡 JSONPlaceholder API - Response received: {
  "userId": 1,
  "id": 1,
  "title": "sunt aut facere repellat provident occaecati excepturi optio reprehenderit",
  "body": "quia et suscipit\nsuscipit recusandae consequuntur expedita et cum\nreprehenderit molestiae ut ut quas totam\nnostrum rerum est autem sunt rem eveniet architecto"
}
👤 Random User API - Called successfully, response: {"results":[{"gender":"female","name":{"title":"Miss","first":"Madhura","last":"Kavser"},"location":{"street":{"number":4999,"name":"Colaba Causeway"},"city":"Thoothukudi","state":"Daman and Diu","country":"India","postcode":98931,"coordinates":{"latitude":"7.5278","longitude":"139.5558"},"timezone":{"offset":"-8:00","description":"Pacific Time (US & Canada)"}},"email":"madhura.kavser@example.com","login":{"uuid":"563273e3-fe64-4f60-8ec8-ec21e6aaf69f","username":"orangewolf807","password":"robin","salt":"6Ap7AdI3","md5":"46c75c083f3f7c4dcc2a61ff28c69839","sha1":"2b6665d2b6a2804b00849cbb01f04f4bb752ca21","sha256":"a2a2e728036a78242cca3862da9fa87596b876ef88ab1996d63ffe53d5f73715"},"dob":{"date":"1954-09-24T04:11:49.359Z","age":71},"registered":{"date":"2004-02-27T09:56:58.560Z","age":22},"phone":"8669359378","cell":"8192064532","id":{"name":"UIDAI","value":"693920769213"},"picture":{"large":"https://randomuser.me/api/portraits/women/89.jpg","medium":"https://randomuser.me/api/portraits/med/women/89.jpg","thumbnail":"https://randomuser.me/api/portraits/thumb/women/89.jpg"},"nat":"IN"}],"info":{"seed":"db95d56686df9fec","results":1,"page":1,"version":"1.4"}}
🐱 Cat Facts API - Fact retrieved: {"fact":"The first formal cat show was held in England in 1871; in America, in 1895.","length":75}
✅ All free APIs called successfully!
---
Fixed Rate Scheduler: Task running at - 23-03-2026 17:22:50.319
📡 JSONPlaceholder API - Response received: {
  "userId": 1,
  "id": 1,
  "title": "sunt aut facere repellat provident occaecati excepturi optio reprehenderit",
  "body": "quia et suscipit\nsuscipit recusandae consequuntur expedita et cum\nreprehenderit molestiae ut ut quas totam\nnostrum rerum est autem sunt rem eveniet architecto"
}
👤 Random User API - Called successfully, response: {"results":[{"gender":"male","name":{"title":"Mr","first":"Raphaël","last":"Dupuis"},"location":{"street":{"number":3394,"name":"Rue de L'Abbé-De-L'Épée"},"city":"Boulogne-Billancourt","state":"Territoire De Belfort","country":"France","postcode":64138,"coordinates":{"latitude":"-16.9835","longitude":"-90.6364"},"timezone":{"offset":"+2:00","description":"Kaliningrad, South Africa"}},"email":"raphael.dupuis@example.com","login":{"uuid":"c48582e9-46c2-4668-a616-be4455a67b79","username":"beautifulgorilla732","password":"goose","salt":"sAWizyHA","md5":"11c0a84437365c10ea079d905a46aae2","sha1":"a5e6143015ba59d5c7cf5bc5f8515b75ca0b82ac","sha256":"2029cb1c7a519f7bdd45d05796be73fcd807829466ba5a7aec772471b3f902e0"},"dob":{"date":"1997-06-14T16:39:25.793Z","age":28},"registered":{"date":"2008-04-06T19:14:35.523Z","age":17},"phone":"02-36-44-74-64","cell":"06-61-71-01-19","id":{"name":"INSEE","value":"1970555180035 94"},"picture":{"large":"https://randomuser.me/api/portraits/men/25.jpg","medium":"https://randomuser.me/api/portraits/med/men/25.jpg","thumbnail":"https://randomuser.me/api/portraits/thumb/men/25.jpg"},"nat":"FR"}],"info":{"seed":"4c20cd017711b023","results":1,"page":1,"version":"1.4"}}
🐱 Cat Facts API - Fact retrieved: {"fact":"It is estimated that cats can make over 60 different sounds.","length":60}
✅ All free APIs called successfully!
---
Fixed Rate Scheduler: Task running at - 23-03-2026 17:23:05.318
📡 JSONPlaceholder API - Response received: {
  "userId": 1,
  "id": 1,
  "title": "sunt aut facere repellat provident occaecati excepturi optio reprehenderit",
  "body": "quia et suscipit\nsuscipit recusandae consequuntur expedita et cum\nreprehenderit molestiae ut ut quas totam\nnostrum rerum est autem sunt rem eveniet architecto"
}
👤 Random User API - Called successfully, response: {"results":[{"gender":"male","name":{"title":"Mr","first":"Victor","last":"Bowman"},"location":{"street":{"number":6512,"name":"Walnut Hill Ln"},"city":"Port Macquarie","state":"Northern Territory","country":"Australia","postcode":4451,"coordinates":{"latitude":"-87.5673","longitude":"-71.9234"},"timezone":{"offset":"-7:00","description":"Mountain Time (US & Canada)"}},"email":"victor.bowman@example.com","login":{"uuid":"f12aeb57-cc78-484a-841d-e42427d2c6a0","username":"beautifulswan898","password":"daniels","salt":"WUEGFqPb","md5":"01abf39623d54b8002dae8a151dbab15","sha1":"1f29462da861309f4d8c1aadc7cbe18425b76885","sha256":"88506b89133911554c214601c974cf2f7cb980e9d159a957c0ee1f21ca77aca8"},"dob":{"date":"1962-03-21T14:09:21.324Z","age":64},"registered":{"date":"2004-12-19T20:09:34.478Z","age":21},"phone":"01-4817-3604","cell":"0434-524-292","id":{"name":"TFN","value":"830728310"},"picture":{"large":"https://randomuser.me/api/portraits/men/25.jpg","medium":"https://randomuser.me/api/portraits/med/men/25.jpg","thumbnail":"https://randomuser.me/api/portraits/thumb/men/25.jpg"},"nat":"AU"}],"info":{"seed":"22079384c624223b","results":1,"page":1,"version":"1.4"}}
🐱 Cat Facts API - Fact retrieved: {"fact":"Lions are the only cats that live in groups, called prides. Every female within the pride is usually related.","length":109}
✅ All free APIs called successfully!
---
Fixed Rate Scheduler: Task running at - 23-03-2026 17:23:20.319
📡 JSONPlaceholder API - Response received: {
  "userId": 1,
  "id": 1,
  "title": "sunt aut facere repellat provident occaecati excepturi optio reprehenderit",
  "body": "quia et suscipit\nsuscipit recusandae consequuntur expedita et cum\nreprehenderit molestiae ut ut quas totam\nnostrum rerum est autem sunt rem eveniet architecto"
}
👤 Random User API - Called successfully, response: {"results":[{"gender":"male","name":{"title":"Mr","first":"Constantijn","last":"Katerberg"},"location":{"street":{"number":9580,"name":"De Buurt"},"city":"Loenersloot","state":"Overijssel","country":"Netherlands","postcode":"0548 VF","coordinates":{"latitude":"37.1943","longitude":"-106.0200"},"timezone":{"offset":"+7:00","description":"Bangkok, Hanoi, Jakarta"}},"email":"constantijn.katerberg@example.com","login":{"uuid":"25df57b2-d2e0-49f2-a805-c0e240e4268e","username":"angrygoose785","password":"linkin","salt":"Yi4dK0h5","md5":"f8c489f34aa9a9357bcbe1f9f1515fd2","sha1":"ca83c3cf6f97984f6e4f97399bc49eb8773f5f7f","sha256":"b0cd48f6fb142d86923764eac5549c53f5671c039d87a1038880fc6851006afc"},"dob":{"date":"1946-09-09T12:39:40.494Z","age":79},"registered":{"date":"2019-12-08T07:41:38.715Z","age":6},"phone":"(020) 9313591","cell":"(06) 42210397","id":{"name":"BSN","value":"69415445"},"picture":{"large":"https://randomuser.me/api/portraits/men/18.jpg","medium":"https://randomuser.me/api/portraits/med/men/18.jpg","thumbnail":"https://randomuser.me/api/portraits/thumb/men/18.jpg"},"nat":"NL"}],"info":{"seed":"10bfa5f1248b8927","results":1,"page":1,"version":"1.4"}}
🐱 Cat Facts API - Fact retrieved: {"fact":"In 1987 cats overtook dogs as the number one pet in America.","length":60}
✅ All free APIs called successfully!
---
Fixed Rate Scheduler: Task running at - 23-03-2026 17:23:35.317
📡 JSONPlaceholder API - Response received: {
  "userId": 1,
  "id": 1,
  "title": "sunt aut facere repellat provident occaecati excepturi optio reprehenderit",
  "body": "quia et suscipit\nsuscipit recusandae consequuntur expedita et cum\nreprehenderit molestiae ut ut quas totam\nnostrum rerum est autem sunt rem eveniet architecto"
}
👤 Random User API - Called successfully, response: {"results":[{"gender":"male","name":{"title":"Mr","first":"Allan","last":"Kluft"},"location":{"street":{"number":335,"name":"Ebbenhorst"},"city":"Drouwenermond","state":"Overijssel","country":"Netherlands","postcode":"8408 LR","coordinates":{"latitude":"35.9150","longitude":"-63.1533"},"timezone":{"offset":"-9:00","description":"Alaska"}},"email":"allan.kluft@example.com","login":{"uuid":"051073ba-dd86-4cb3-8e13-65dac3d9e6ac","username":"beautifulduck473","password":"testerer","salt":"12HyWSla","md5":"a4be0f40b144ac10b12c5bcd69ad9972","sha1":"2de7a57096b1aa3e101f4f005ec7343710675a0c","sha256":"de30aa5869284c22747d14109d5dff299a5d99cd55bba3da393deb982292063c"},"dob":{"date":"1962-09-08T14:55:48.989Z","age":63},"registered":{"date":"2018-10-05T14:20:27.758Z","age":7},"phone":"(071) 8683677","cell":"(06) 17572461","id":{"name":"BSN","value":"52654621"},"picture":{"large":"https://randomuser.me/api/portraits/men/65.jpg","medium":"https://randomuser.me/api/portraits/med/men/65.jpg","thumbnail":"https://randomuser.me/api/portraits/thumb/men/65.jpg"},"nat":"NL"}],"info":{"seed":"9a19bdc7922ce8d0","results":1,"page":1,"version":"1.4"}}
🐱 Cat Facts API - Fact retrieved: {"fact":"Baking chocolate is the most dangerous chocolate to your cat.","length":61}
✅ All free APIs called successfully!
---
Fixed Rate Scheduler: Task running at - 23-03-2026 17:23:50.315
📡 JSONPlaceholder API - Response received: {
  "userId": 1,
  "id": 1,
  "title": "sunt aut facere repellat provident occaecati excepturi optio reprehenderit",
  "body": "quia et suscipit\nsuscipit recusandae consequuntur expedita et cum\nreprehenderit molestiae ut ut quas totam\nnostrum rerum est autem sunt rem eveniet architecto"
}
👤 Random User API - Called successfully, response: {"results":[{"gender":"female","name":{"title":"Ms","first":"Holly","last":"Collins"},"location":{"street":{"number":9721,"name":"First Street"},"city":"Las Vegas","state":"Illinois","country":"United States","postcode":56205,"coordinates":{"latitude":"83.1227","longitude":"175.4598"},"timezone":{"offset":"+3:30","description":"Tehran"}},"email":"holly.collins@example.com","login":{"uuid":"62d9f473-8da1-453d-977e-bdc219c5b56c","username":"tinypanda840","password":"homeboy","salt":"1NfvlYeB","md5":"d77ea6fcaa87231356ffa943fddbb9fa","sha1":"67db1012265971f879e6b05dcb41a6b3d64a7067","sha256":"ee8ba09ea9adf0102bdf9e5b25f8b31bd76694c2723eec6bdc462ec7dc801919"},"dob":{"date":"1989-04-08T17:11:02.045Z","age":36},"registered":{"date":"2004-10-04T10:06:17.841Z","age":21},"phone":"(673) 734-7389","cell":"(622) 462-0121","id":{"name":"SSN","value":"597-72-8278"},"picture":{"large":"https://randomuser.me/api/portraits/women/9.jpg","medium":"https://randomuser.me/api/portraits/med/women/9.jpg","thumbnail":"https://randomuser.me/api/portraits/thumb/women/9.jpg"},"nat":"US"}],"info":{"seed":"3e063b7f336611b7","results":1,"page":1,"version":"1.4"}}
🐱 Cat Facts API - Fact retrieved: {"fact":"A cat uses its whiskers for measuring distances.  The whiskers of a cat are capable of registering very small changes in air pressure.","length":134}
✅ All free APIs called successfully!
---
Fixed Rate Scheduler: Task running at - 23-03-2026 17:24:05.319
📡 JSONPlaceholder API - Response received: {
  "userId": 1,
  "id": 1,
  "title": "sunt aut facere repellat provident occaecati excepturi optio reprehenderit",
  "body": "quia et suscipit\nsuscipit recusandae consequuntur expedita et cum\nreprehenderit molestiae ut ut quas totam\nnostrum rerum est autem sunt rem eveniet architecto"
}
👤 Random User API - Called successfully, response: {"results":[{"gender":"female","name":{"title":"Miss","first":"هلیا","last":"صدر"},"location":{"street":{"number":3514,"name":"سهروردی"},"city":"همدان","state":"ایلام","country":"Iran","postcode":27837,"coordinates":{"latitude":"13.9017","longitude":"36.4647"},"timezone":{"offset":"+5:00","description":"Ekaterinburg, Islamabad, Karachi, Tashkent"}},"email":"hly.sdr@example.com","login":{"uuid":"c60a55c2-33dc-4881-bc3b-5b9c5d1dd9ee","username":"sadfrog758","password":"cobra1","salt":"m2VIHg8W","md5":"0e83044b1121e192cf7b01d1a95dd8f0","sha1":"0bc39e2686a47820ab8b66a5f9547492de10b9f9","sha256":"1c925d37aefd4e9ec893ab86b88bf7c3bf0d50f672b451d1071315f7ad678797"},"dob":{"date":"1979-03-12T01:15:07.861Z","age":47},"registered":{"date":"2017-12-04T07:52:38.042Z","age":8},"phone":"080-88599642","cell":"0931-006-7676","id":{"name":"","value":null},"picture":{"large":"https://randomuser.me/api/portraits/women/31.jpg","medium":"https://randomuser.me/api/portraits/med/women/31.jpg","thumbnail":"https://randomuser.me/api/portraits/thumb/women/31.jpg"},"nat":"IR"}],"info":{"seed":"8eaaafa23ecde936","results":1,"page":1,"version":"1.4"}}
🐱 Cat Facts API - Fact retrieved: {"fact":"In an average year, cat owners in the United States spend over $2 billion on cat food.","length":86}
✅ All free APIs called successfully!
---
[INFO] ------------------------------------------------------------------------
[INFO] BUILD FAILURE
[INFO] ------------------------------------------------------------------------
[INFO] Total time:  03:36 min
[INFO] Finished at: 2026-03-23T17:24:09+05:45
[INFO] ------------------------------------------------------------------------
[ERROR] Failed to execute goal org.springframework.boot:spring-boot-maven-plugin:4.0.4:run (default-cli) on project employee-management: Process terminated with exit code: 137 -> [Help 1]
[ERROR] 
[ERROR] To see the full stack trace of the errors, re-run Maven with the -e switch.
[ERROR] Re-run Maven using the -X switch to enable full debug logging.
[ERROR] 
[ERROR] For more information about the errors and possible solutions, please read the following articles:
[ERROR] [Help 1] http://cwiki.apache.org/confluence/display/MAVEN/MojoExecutionException
